2026-05-19 17:21:13,171 - INFO - Books format detected: tally_pr
2026-05-19 17:21:13,171 - INFO - Parsing Tally Purchase Register...
2026-05-19 17:21:13,173 - INFO - Tally column mapping: {'date': 0, 'particulars': 1, 'inv_no': 3, 'gstin': 4, 'gross_total': 9, 'tds_indices': [11, 21], 'tax_indices': {'cgst': [13, 19], 'sgst': [14, 20], 'igst': [29], 'cess': []}}
2026-05-19 17:21:13,174 - INFO - Invoice debug | Invoice:EGT016/26-27 | Party:Eagle Way Transport | Gross:14850.0 | CGST:0.0 | SGST:0.0 | IGST:0.0 | CESS:0 | TOTAL_TAX:0.0 | Invoice_Value:15000.0 | Date_Raw:2026-04-10 00:00:00 | Parsed_Date:2026-04-10 00:00:00
2026-05-19 17:21:13,185 - INFO - Invoice debug | Invoice:EGT017/26-27 | Party:Eagle Way Transport | Gross:34650.0 | CGST:0.0 | SGST:0.0 | IGST:0.0 | CESS:0 | TOTAL_TAX:0.0 | Invoice_Value:35000.0 | Date_Raw:2026-04-14 00:00:00 | Parsed_Date:2026-04-14 00:00:00
2026-05-19 17:21:13,186 - INFO - Invoice debug | Invoice:007 | Party:Sun Logistics Inc (S C) | Gross:20446.0 | CGST:1572.75 | SGST:1572.75 | IGST:0.0 | CESS:0 | TOTAL_TAX:3145.5 | Invoice_Value:20621.0 | Date_Raw:2026-04-20 00:00:00 | Parsed_Date:2026-04-20 00:00:00
2026-05-19 17:21:13,187 - INFO - Invoice debug | Invoice:008 | Party:Sun Logistics Inc (S C) | Gross:9114.0 | CGST:701.1 | SGST:701.1 | IGST:0.0 | CESS:0 | TOTAL_TAX:1402.2 | Invoice_Value:9192.0 | Date_Raw:2026-04-20 00:00:00 | Parsed_Date:2026-04-20 00:00:00
2026-05-19 17:21:13,188 - INFO - Invoice debug | Invoice:011 | Party:Sun Logistics Inc (S C) | Gross:39546.0 | CGST:3042.0 | SGST:3042.0 | IGST:0.0 | CESS:0 | TOTAL_TAX:6084.0 | Invoice_Value:39884.0 | Date_Raw:2026-04-21 00:00:00 | Parsed_Date:2026-04-21 00:00:00
2026-05-19 17:21:13,189 - INFO - Invoice debug | Invoice:012 | Party:Sun Logistics Inc (S C) | Gross:22390.66 | CGST:1722.33 | SGST:1722.33 | IGST:0.0 | CESS:0 | TOTAL_TAX:3444.66 | Invoice_Value:22581.66 | Date_Raw:2026-04-21 00:00:00 | Parsed_Date:2026-04-21 00:00:00
2026-05-19 17:21:13,190 - INFO - Invoice debug | Invoice:019 | Party:Sun Logistics Inc (S C) | Gross:10222.0 | CGST:786.33 | SGST:786.33 | IGST:0.0 | CESS:0 | TOTAL_TAX:1572.66 | Invoice_Value:10310.0 | Date_Raw:2026-04-21 00:00:00 | Parsed_Date:2026-04-21 00:00:00
2026-05-19 17:21:13,190 - INFO - Invoice debug | Invoice:020 | Party:Sun Logistics Inc (S C) | Gross:17142.0 | CGST:1318.68 | SGST:1318.68 | IGST:0.0 | CESS:0 | TOTAL_TAX:2637.36 | Invoice_Value:17289.0 | Date_Raw:2026-04-21 00:00:00 | Parsed_Date:2026-04-21 00:00:00
2026-05-19 17:21:13,191 - INFO - Invoice debug | Invoice:021 | Party:Sun Logistics Inc (S C) | Gross:51998.0 | CGST:3999.78 | SGST:3999.78 | IGST:0.0 | CESS:0 | TOTAL_TAX:7999.56 | Invoice_Value:52442.0 | Date_Raw:2026-04-21 00:00:00 | Parsed_Date:2026-04-21 00:00:00
2026-05-19 17:21:13,192 - INFO - Invoice debug | Invoice:028 | Party:Sun Logistics Inc (S C) | Gross:14550.0 | CGST:1119.24 | SGST:1119.24 | IGST:0.0 | CESS:0 | TOTAL_TAX:2238.48 | Invoice_Value:14674.0 | Date_Raw:2026-04-21 00:00:00 | Parsed_Date:2026-04-21 00:00:00
2026-05-19 17:21:13,192 - INFO - Invoice debug | Invoice:030 | Party:Sun Logistics Inc (S C) | Gross:36548.0 | CGST:2811.33 | SGST:2811.33 | IGST:0.0 | CESS:0 | TOTAL_TAX:5622.66 | Invoice_Value:36860.0 | Date_Raw:2026-04-21 00:00:00 | Parsed_Date:2026-04-21 00:00:00
2026-05-19 17:21:13,193 - INFO - Invoice debug | Invoice:01 | Party:Sun Logistics Inc (S C) | Gross:29694.0 | CGST:2284.2 | SGST:2284.2 | IGST:0.0 | CESS:0 | TOTAL_TAX:4568.4 | Invoice_Value:29948.0 | Date_Raw:2026-04-22 00:00:00 | Parsed_Date:2026-04-22 00:00:00
2026-05-19 17:21:13,194 - INFO - Invoice debug | Invoice:002 | Party:Sun Logistics Inc (S C) | Gross:22606.0 | CGST:1738.89 | SGST:1738.89 | IGST:0.0 | CESS:0 | TOTAL_TAX:3477.78 | Invoice_Value:22799.0 | Date_Raw:2026-04-22 00:00:00 | Parsed_Date:2026-04-22 00:00:00
2026-05-19 17:21:13,194 - INFO - Invoice debug | Invoice:03 | Party:Sun Logistics Inc (S C) | Gross:32514.0 | CGST:2501.1 | SGST:2501.1 | IGST:0.0 | CESS:0 | TOTAL_TAX:5002.2 | Invoice_Value:32792.0 | Date_Raw:2026-04-22 00:00:00 | Parsed_Date:2026-04-22 00:00:00
2026-05-19 17:21:13,195 - INFO - Invoice debug | Invoice:04 | Party:Sun Logistics Inc (S C) | Gross:29658.0 | CGST:2281.32 | SGST:2281.32 | IGST:0.0 | CESS:0 | TOTAL_TAX:4562.64 | Invoice_Value:29911.0 | Date_Raw:2026-04-22 00:00:00 | Parsed_Date:2026-04-22 00:00:00
2026-05-19 17:21:13,195 - INFO - Invoice debug | Invoice:BANDN04260000156 | Party:CTL LOGISTICS (INDIA) PRIVATE LIMITED(BLR) | Gross:94336.0 | CGST:6442.64 | SGST:6442.64 | IGST:0.0 | CESS:0 | TOTAL_TAX:12885.28 | Invoice_Value:95998.0 | Date_Raw:2026-04-23 00:00:00 | Parsed_Date:2026-04-23 00:00:00
2026-05-19 17:21:13,196 - INFO - Invoice debug | Invoice:EGT032/26-27 | Party:Eagle Way Transport | Gross:22770.0 | CGST:0.0 | SGST:0.0 | IGST:0.0 | CESS:0 | TOTAL_TAX:0.0 | Invoice_Value:23000.0 | Date_Raw:2026-04-24 00:00:00 | Parsed_Date:2026-04-24 00:00:00
2026-05-19 17:21:13,196 - INFO - Invoice debug | Invoice:6086 | Party:Sri Eshwara Logistics | Gross:84249.0 | CGST:0.0 | SGST:0.0 | IGST:0.0 | CESS:0 | TOTAL_TAX:0.0 | Invoice_Value:85100.0 | Date_Raw:2026-04-27 00:00:00 | Parsed_Date:2026-04-27 00:00:00
2026-05-19 17:21:13,197 - INFO - Invoice debug | Invoice:6085 | Party:Sri Eshwara Logistics | Gross:84249.0 | CGST:0.0 | SGST:0.0 | IGST:0.0 | CESS:0 | TOTAL_TAX:0.0 | Invoice_Value:85100.0 | Date_Raw:2026-04-27 00:00:00 | Parsed_Date:2026-04-27 00:00:00
2026-05-19 17:21:13,198 - INFO - Invoice debug | Invoice:052 | Party:Sun Logistics Inc (S C) | Gross:552498.0 | CGST:42499.8 | SGST:42499.8 | IGST:0.0 | CESS:0 | TOTAL_TAX:84999.6 | Invoice_Value:557220.0 | Date_Raw:2026-04-28 00:00:00 | Parsed_Date:2026-04-28 00:00:00
2026-05-19 17:21:13,218 - INFO - Valid:27 NoITC:9 Issues:1
2026-05-19 17:21:13,239 - INFO - GSTR-2B format detected: gstr2b_excel for B2B_042026_29AALCD6246M1ZZ_GSTR2B_18052026 (1).xlsx
2026-05-19 17:21:13,239 - INFO - Parsing GSTR-2B Excel...
2026-05-19 17:21:13,269 - INFO - Parsed B2B_042026_29AALCD6246M1ZZ_GSTR2B_18052026 (1).xlsx: 43 rows
2026-05-19 17:21:13,290 - INFO - Starting reconciliation...
2026-05-19 17:21:13,387 - INFO - L1: 1 matched
2026-05-19 17:21:13,423 - INFO - L3: 2 matched
2026-05-19 17:21:13,430 - INFO - Match 6.98%, Risk 299,270.50
2026-05-19 17:21:14,069 - INFO - Books format detected: tally_pr
2026-05-19 17:21:14,071 - INFO - Parsing Tally Purchase Register...
2026-05-19 17:21:14,086 - INFO - Tally column mapping: {'date': 0, 'particulars': 1, 'inv_no': 3, 'gstin': 4, 'gross_total': 9, 'tds_indices': [11, 21], 'tax_indices': {'cgst': [13, 19], 'sgst': [14, 20], 'igst': [29], 'cess': []}}
2026-05-19 17:21:14,088 - INFO - Invoice debug | Invoice:EGT016/26-27 | Party:Eagle Way Transport | Gross:14850.0 | CGST:0.0 | SGST:0.0 | IGST:0.0 | CESS:0 | TOTAL_TAX:0.0 | Invoice_Value:15000.0 | Date_Raw:2026-04-10 00:00:00 | Parsed_Date:2026-04-10 00:00:00
2026-05-19 17:21:14,090 - INFO - Invoice debug | Invoice:EGT017/26-27 | Party:Eagle Way Transport | Gross:34650.0 | CGST:0.0 | SGST:0.0 | IGST:0.0 | CESS:0 | TOTAL_TAX:0.0 | Invoice_Value:35000.0 | Date_Raw:2026-04-14 00:00:00 | Parsed_Date:2026-04-14 00:00:00
2026-05-19 17:21:14,091 - INFO - Invoice debug | Invoice:007 | Party:Sun Logistics Inc (S C) | Gross:20446.0 | CGST:1572.75 | SGST:1572.75 | IGST:0.0 | CESS:0 | TOTAL_TAX:3145.5 | Invoice_Value:20621.0 | Date_Raw:2026-04-20 00:00:00 | Parsed_Date:2026-04-20 00:00:00
2026-05-19 17:21:14,093 - INFO - Invoice debug | Invoice:008 | Party:Sun Logistics Inc (S C) | Gross:9114.0 | CGST:701.1 | SGST:701.1 | IGST:0.0 | CESS:0 | TOTAL_TAX:1402.2 | Invoice_Value:9192.0 | Date_Raw:2026-04-20 00:00:00 | Parsed_Date:2026-04-20 00:00:00
2026-05-19 17:21:14,105 - INFO - Invoice debug | Invoice:011 | Party:Sun Logistics Inc (S C) | Gross:39546.0 | CGST:3042.0 | SGST:3042.0 | IGST:0.0 | CESS:0 | TOTAL_TAX:6084.0 | Invoice_Value:39884.0 | Date_Raw:2026-04-21 00:00:00 | Parsed_Date:2026-04-21 00:00:00
2026-05-19 17:21:14,111 - INFO - Invoice debug | Invoice:012 | Party:Sun Logistics Inc (S C) | Gross:22390.66 | CGST:1722.33 | SGST:1722.33 | IGST:0.0 | CESS:0 | TOTAL_TAX:3444.66 | Invoice_Value:22581.66 | Date_Raw:2026-04-21 00:00:00 | Parsed_Date:2026-04-21 00:00:00
2026-05-19 17:21:14,113 - INFO - Invoice debug | Invoice:019 | Party:Sun Logistics Inc (S C) | Gross:10222.0 | CGST:786.33 | SGST:786.33 | IGST:0.0 | CESS:0 | TOTAL_TAX:1572.66 | Invoice_Value:10310.0 | Date_Raw:2026-04-21 00:00:00 | Parsed_Date:2026-04-21 00:00:00
2026-05-19 17:21:14,119 - INFO - Invoice debug | Invoice:020 | Party:Sun Logistics Inc (S C) | Gross:17142.0 | CGST:1318.68 | SGST:1318.68 | IGST:0.0 | CESS:0 | TOTAL_TAX:2637.36 | Invoice_Value:17289.0 | Date_Raw:2026-04-21 00:00:00 | Parsed_Date:2026-04-21 00:00:00
2026-05-19 17:21:14,133 - INFO - Invoice debug | Invoice:021 | Party:Sun Logistics Inc (S C) | Gross:51998.0 | CGST:3999.78 | SGST:3999.78 | IGST:0.0 | CESS:0 | TOTAL_TAX:7999.56 | Invoice_Value:52442.0 | Date_Raw:2026-04-21 00:00:00 | Parsed_Date:2026-04-21 00:00:00
2026-05-19 17:21:14,158 - INFO - Invoice debug | Invoice:028 | Party:Sun Logistics Inc (S C) | Gross:14550.0 | CGST:1119.24 | SGST:1119.24 | IGST:0.0 | CESS:0 | TOTAL_TAX:2238.48 | Invoice_Value:14674.0 | Date_Raw:2026-04-21 00:00:00 | Parsed_Date:2026-04-21 00:00:00
2026-05-19 17:21:14,159 - INFO - Invoice debug | Invoice:030 | Party:Sun Logistics Inc (S C) | Gross:36548.0 | CGST:2811.33 | SGST:2811.33 | IGST:0.0 | CESS:0 | TOTAL_TAX:5622.66 | Invoice_Value:36860.0 | Date_Raw:2026-04-21 00:00:00 | Parsed_Date:2026-04-21 00:00:00
2026-05-19 17:21:14,161 - INFO - Invoice debug | Invoice:01 | Party:Sun Logistics Inc (S C) | Gross:29694.0 | CGST:2284.2 | SGST:2284.2 | IGST:0.0 | CESS:0 | TOTAL_TAX:4568.4 | Invoice_Value:29948.0 | Date_Raw:2026-04-22 00:00:00 | Parsed_Date:2026-04-22 00:00:00
2026-05-19 17:21:14,163 - INFO - Invoice debug | Invoice:002 | Party:Sun Logistics Inc (S C) | Gross:22606.0 | CGST:1738.89 | SGST:1738.89 | IGST:0.0 | CESS:0 | TOTAL_TAX:3477.78 | Invoice_Value:22799.0 | Date_Raw:2026-04-22 00:00:00 | Parsed_Date:2026-04-22 00:00:00
2026-05-19 17:21:14,166 - INFO - Invoice debug | Invoice:03 | Party:Sun Logistics Inc (S C) | Gross:32514.0 | CGST:2501.1 | SGST:2501.1 | IGST:0.0 | CESS:0 | TOTAL_TAX:5002.2 | Invoice_Value:32792.0 | Date_Raw:2026-04-22 00:00:00 | Parsed_Date:2026-04-22 00:00:00
2026-05-19 17:21:14,172 - INFO - Invoice debug | Invoice:04 | Party:Sun Logistics Inc (S C) | Gross:29658.0 | CGST:2281.32 | SGST:2281.32 | IGST:0.0 | CESS:0 | TOTAL_TAX:4562.64 | Invoice_Value:29911.0 | Date_Raw:2026-04-22 00:00:00 | Parsed_Date:2026-04-22 00:00:00
2026-05-19 17:21:14,173 - INFO - Invoice debug | Invoice:BANDN04260000156 | Party:CTL LOGISTICS (INDIA) PRIVATE LIMITED(BLR) | Gross:94336.0 | CGST:6442.64 | SGST:6442.64 | IGST:0.0 | CESS:0 | TOTAL_TAX:12885.28 | Invoice_Value:95998.0 | Date_Raw:2026-04-23 00:00:00 | Parsed_Date:2026-04-23 00:00:00
2026-05-19 17:21:14,175 - INFO - Invoice debug | Invoice:EGT032/26-27 | Party:Eagle Way Transport | Gross:22770.0 | CGST:0.0 | SGST:0.0 | IGST:0.0 | CESS:0 | TOTAL_TAX:0.0 | Invoice_Value:23000.0 | Date_Raw:2026-04-24 00:00:00 | Parsed_Date:2026-04-24 00:00:00
2026-05-19 17:21:14,182 - INFO - Invoice debug | Invoice:6086 | Party:Sri Eshwara Logistics | Gross:84249.0 | CGST:0.0 | SGST:0.0 | IGST:0.0 | CESS:0 | TOTAL_TAX:0.0 | Invoice_Value:85100.0 | Date_Raw:2026-04-27 00:00:00 | Parsed_Date:2026-04-27 00:00:00
2026-05-19 17:21:14,188 - INFO - Invoice debug | Invoice:6085 | Party:Sri Eshwara Logistics | Gross:84249.0 | CGST:0.0 | SGST:0.0 | IGST:0.0 | CESS:0 | TOTAL_TAX:0.0 | Invoice_Value:85100.0 | Date_Raw:2026-04-27 00:00:00 | Parsed_Date:2026-04-27 00:00:00
2026-05-19 17:21:14,190 - INFO - Invoice debug | Invoice:052 | Party:Sun Logistics Inc (S C) | Gross:552498.0 | CGST:42499.8 | SGST:42499.8 | IGST:0.0 | CESS:0 | TOTAL_TAX:84999.6 | Invoice_Value:557220.0 | Date_Raw:2026-04-28 00:00:00 | Parsed_Date:2026-04-28 00:00:00
2026-05-19 17:21:14,269 - INFO - Valid:27 NoITC:9 Issues:1
2026-05-19 17:21:14,333 - INFO - GSTR-2B format detected: gstr2b_excel for B2B_042026_29AALCD6246M1ZZ_GSTR2B_18052026 (1).xlsx
2026-05-19 17:21:14,336 - INFO - Parsing GSTR-2B Excel...
2026-05-19 17:21:14,379 - INFO - Parsed B2B_042026_29AALCD6246M1ZZ_GSTR2B_18052026 (1).xlsx: 43 rows
2026-05-19 17:21:14,442 - INFO - Starting reconciliation...
2026-05-19 17:21:14,661 - INFO - L1: 1 matched
2026-05-19 17:21:14,720 - INFO - L3: 2 matched
2026-05-19 17:21:14,729 - INFO - Match 6.98%, Risk 299,270.50
2026-05-19 17:24:32,962 - INFO - Books format detected: tally_pr
2026-05-19 17:24:32,962 - INFO - Parsing Tally Purchase Register...
2026-05-19 17:24:32,966 - INFO - Tally column mapping: {'date': 0, 'particulars': 1, 'inv_no': 3, 'gstin': 4, 'gross_total': 9, 'tds_indices': [11, 21], 'tax_indices': {'cgst': [13, 19], 'sgst': [14, 20], 'igst': [29], 'cess': []}}
2026-05-19 17:24:32,967 - INFO - Invoice debug | Invoice:EGT016/26-27 | Party:Eagle Way Transport | Gross:14850.0 | CGST:0.0 | SGST:0.0 | IGST:0.0 | CESS:0 | TOTAL_TAX:0.0 | Invoice_Value:15000.0 | Date_Raw:2026-04-10 00:00:00 | Parsed_Date:2026-04-10 00:00:00
2026-05-19 17:24:32,968 - INFO - Invoice debug | Invoice:EGT017/26-27 | Party:Eagle Way Transport | Gross:34650.0 | CGST:0.0 | SGST:0.0 | IGST:0.0 | CESS:0 | TOTAL_TAX:0.0 | Invoice_Value:35000.0 | Date_Raw:2026-04-14 00:00:00 | Parsed_Date:2026-04-14 00:00:00
2026-05-19 17:24:32,971 - INFO - Invoice debug | Invoice:007 | Party:Sun Logistics Inc (S C) | Gross:20446.0 | CGST:1572.75 | SGST:1572.75 | IGST:0.0 | CESS:0 | TOTAL_TAX:3145.5 | Invoice_Value:20621.0 | Date_Raw:2026-04-20 00:00:00 | Parsed_Date:2026-04-20 00:00:00
2026-05-19 17:24:32,972 - INFO - Invoice debug | Invoice:008 | Party:Sun Logistics Inc (S C) | Gross:9114.0 | CGST:701.1 | SGST:701.1 | IGST:0.0 | CESS:0 | TOTAL_TAX:1402.2 | Invoice_Value:9192.0 | Date_Raw:2026-04-20 00:00:00 | Parsed_Date:2026-04-20 00:00:00
2026-05-19 17:24:32,973 - INFO - Invoice debug | Invoice:011 | Party:Sun Logistics Inc (S C) | Gross:39546.0 | CGST:3042.0 | SGST:3042.0 | IGST:0.0 | CESS:0 | TOTAL_TAX:6084.0 | Invoice_Value:39884.0 | Date_Raw:2026-04-21 00:00:00 | Parsed_Date:2026-04-21 00:00:00
2026-05-19 17:24:32,974 - INFO - Invoice debug | Invoice:012 | Party:Sun Logistics Inc (S C) | Gross:22390.66 | CGST:1722.33 | SGST:1722.33 | IGST:0.0 | CESS:0 | TOTAL_TAX:3444.66 | Invoice_Value:22581.66 | Date_Raw:2026-04-21 00:00:00 | Parsed_Date:2026-04-21 00:00:00
2026-05-19 17:24:32,976 - INFO - Invoice debug | Invoice:019 | Party:Sun Logistics Inc (S C) | Gross:10222.0 | CGST:786.33 | SGST:786.33 | IGST:0.0 | CESS:0 | TOTAL_TAX:1572.66 | Invoice_Value:10310.0 | Date_Raw:2026-04-21 00:00:00 | Parsed_Date:2026-04-21 00:00:00
2026-05-19 17:24:32,977 - INFO - Invoice debug | Invoice:020 | Party:Sun Logistics Inc (S C) | Gross:17142.0 | CGST:1318.68 | SGST:1318.68 | IGST:0.0 | CESS:0 | TOTAL_TAX:2637.36 | Invoice_Value:17289.0 | Date_Raw:2026-04-21 00:00:00 | Parsed_Date:2026-04-21 00:00:00
2026-05-19 17:24:32,978 - INFO - Invoice debug | Invoice:021 | Party:Sun Logistics Inc (S C) | Gross:51998.0 | CGST:3999.78 | SGST:3999.78 | IGST:0.0 | CESS:0 | TOTAL_TAX:7999.56 | Invoice_Value:52442.0 | Date_Raw:2026-04-21 00:00:00 | Parsed_Date:2026-04-21 00:00:00
2026-05-19 17:24:32,980 - INFO - Invoice debug | Invoice:028 | Party:Sun Logistics Inc (S C) | Gross:14550.0 | CGST:1119.24 | SGST:1119.24 | IGST:0.0 | CESS:0 | TOTAL_TAX:2238.48 | Invoice_Value:14674.0 | Date_Raw:2026-04-21 00:00:00 | Parsed_Date:2026-04-21 00:00:00
2026-05-19 17:24:32,981 - INFO - Invoice debug | Invoice:030 | Party:Sun Logistics Inc (S C) | Gross:36548.0 | CGST:2811.33 | SGST:2811.33 | IGST:0.0 | CESS:0 | TOTAL_TAX:5622.66 | Invoice_Value:36860.0 | Date_Raw:2026-04-21 00:00:00 | Parsed_Date:2026-04-21 00:00:00
2026-05-19 17:24:32,982 - INFO - Invoice debug | Invoice:01 | Party:Sun Logistics Inc (S C) | Gross:29694.0 | CGST:2284.2 | SGST:2284.2 | IGST:0.0 | CESS:0 | TOTAL_TAX:4568.4 | Invoice_Value:29948.0 | Date_Raw:2026-04-22 00:00:00 | Parsed_Date:2026-04-22 00:00:00
2026-05-19 17:24:32,983 - INFO - Invoice debug | Invoice:002 | Party:Sun Logistics Inc (S C) | Gross:22606.0 | CGST:1738.89 | SGST:1738.89 | IGST:0.0 | CESS:0 | TOTAL_TAX:3477.78 | Invoice_Value:22799.0 | Date_Raw:2026-04-22 00:00:00 | Parsed_Date:2026-04-22 00:00:00
2026-05-19 17:24:32,985 - INFO - Invoice debug | Invoice:03 | Party:Sun Logistics Inc (S C) | Gross:32514.0 | CGST:2501.1 | SGST:2501.1 | IGST:0.0 | CESS:0 | TOTAL_TAX:5002.2 | Invoice_Value:32792.0 | Date_Raw:2026-04-22 00:00:00 | Parsed_Date:2026-04-22 00:00:00
2026-05-19 17:24:32,986 - INFO - Invoice debug | Invoice:04 | Party:Sun Logistics Inc (S C) | Gross:29658.0 | CGST:2281.32 | SGST:2281.32 | IGST:0.0 | CESS:0 | TOTAL_TAX:4562.64 | Invoice_Value:29911.0 | Date_Raw:2026-04-22 00:00:00 | Parsed_Date:2026-04-22 00:00:00
2026-05-19 17:24:32,987 - INFO - Invoice debug | Invoice:BANDN04260000156 | Party:CTL LOGISTICS (INDIA) PRIVATE LIMITED(BLR) | Gross:94336.0 | CGST:6442.64 | SGST:6442.64 | IGST:0.0 | CESS:0 | TOTAL_TAX:12885.28 | Invoice_Value:95998.0 | Date_Raw:2026-04-23 00:00:00 | Parsed_Date:2026-04-23 00:00:00
2026-05-19 17:24:32,989 - INFO - Invoice debug | Invoice:EGT032/26-27 | Party:Eagle Way Transport | Gross:22770.0 | CGST:0.0 | SGST:0.0 | IGST:0.0 | CESS:0 | TOTAL_TAX:0.0 | Invoice_Value:23000.0 | Date_Raw:2026-04-24 00:00:00 | Parsed_Date:2026-04-24 00:00:00
2026-05-19 17:24:32,991 - INFO - Invoice debug | Invoice:6086 | Party:Sri Eshwara Logistics | Gross:84249.0 | CGST:0.0 | SGST:0.0 | IGST:0.0 | CESS:0 | TOTAL_TAX:0.0 | Invoice_Value:85100.0 | Date_Raw:2026-04-27 00:00:00 | Parsed_Date:2026-04-27 00:00:00
2026-05-19 17:24:32,993 - INFO - Invoice debug | Invoice:6085 | Party:Sri Eshwara Logistics | Gross:84249.0 | CGST:0.0 | SGST:0.0 | IGST:0.0 | CESS:0 | TOTAL_TAX:0.0 | Invoice_Value:85100.0 | Date_Raw:2026-04-27 00:00:00 | Parsed_Date:2026-04-27 00:00:00
2026-05-19 17:24:32,995 - INFO - Invoice debug | Invoice:052 | Party:Sun Logistics Inc (S C) | Gross:552498.0 | CGST:42499.8 | SGST:42499.8 | IGST:0.0 | CESS:0 | TOTAL_TAX:84999.6 | Invoice_Value:557220.0 | Date_Raw:2026-04-28 00:00:00 | Parsed_Date:2026-04-28 00:00:00
2026-05-19 17:24:33,037 - INFO - Valid:27 NoITC:9 Issues:1
2026-05-19 17:24:33,084 - INFO - GSTR-2B format detected: gstr2b_excel for B2B_042026_29AALCD6246M1ZZ_GSTR2B_18052026 (1).xlsx
2026-05-19 17:24:33,085 - INFO - Parsing GSTR-2B Excel...
2026-05-19 17:24:33,165 - INFO - Parsed B2B_042026_29AALCD6246M1ZZ_GSTR2B_18052026 (1).xlsx: 43 rows
2026-05-19 17:24:33,213 - INFO - Starting reconciliation...
2026-05-19 17:24:33,404 - INFO - L1: 1 matched
2026-05-19 17:24:33,512 - INFO - L3: 2 matched
2026-05-19 17:24:33,529 - INFO - Match 6.98%, Risk 299,270.50
