2026-05-19 18:23:43,417 - INFO - Books format detected: tally_pr
2026-05-19 18:23:43,418 - INFO - Parsing Tally Purchase Register...
2026-05-19 18:23:43,422 - INFO - Tally column mapping: {'date': 0, 'particulars': 1, 'inv_no': 3, 'gstin': 4, 'gross_total': 9, 'tds_indices': [11, 21], 'tax_indices': {'cgst': [13, 19], 'sgst': [14, 20], 'igst': [29], 'cess': []}}
2026-05-19 18:23:43,425 - INFO - Invoice debug | Invoice:EGT016/26-27 | Party:Eagle Way Transport | Gross:14850.0 | CGST:0.0 | SGST:0.0 | IGST:0.0 | CESS:0 | TOTAL_TAX:0.0 | Invoice_Value:15000.0 | Date_Raw:2026-04-10 00:00:00 | Parsed_Date:2026-04-10 00:00:00
2026-05-19 18:23:43,480 - INFO - Invoice debug | Invoice:EGT017/26-27 | Party:Eagle Way Transport | Gross:34650.0 | CGST:0.0 | SGST:0.0 | IGST:0.0 | CESS:0 | TOTAL_TAX:0.0 | Invoice_Value:35000.0 | Date_Raw:2026-04-14 00:00:00 | Parsed_Date:2026-04-14 00:00:00
2026-05-19 18:23:43,481 - INFO - Invoice debug | Invoice:007 | Party:Sun Logistics Inc (S C) | Gross:20446.0 | CGST:1572.75 | SGST:1572.75 | IGST:0.0 | CESS:0 | TOTAL_TAX:3145.5 | Invoice_Value:20621.0 | Date_Raw:2026-04-20 00:00:00 | Parsed_Date:2026-04-20 00:00:00
2026-05-19 18:23:43,483 - INFO - Invoice debug | Invoice:008 | Party:Sun Logistics Inc (S C) | Gross:9114.0 | CGST:701.1 | SGST:701.1 | IGST:0.0 | CESS:0 | TOTAL_TAX:1402.2 | Invoice_Value:9192.0 | Date_Raw:2026-04-20 00:00:00 | Parsed_Date:2026-04-20 00:00:00
2026-05-19 18:23:43,484 - INFO - Invoice debug | Invoice:011 | Party:Sun Logistics Inc (S C) | Gross:39546.0 | CGST:3042.0 | SGST:3042.0 | IGST:0.0 | CESS:0 | TOTAL_TAX:6084.0 | Invoice_Value:39884.0 | Date_Raw:2026-04-21 00:00:00 | Parsed_Date:2026-04-21 00:00:00
2026-05-19 18:23:43,485 - INFO - Invoice debug | Invoice:012 | Party:Sun Logistics Inc (S C) | Gross:22390.66 | CGST:1722.33 | SGST:1722.33 | IGST:0.0 | CESS:0 | TOTAL_TAX:3444.66 | Invoice_Value:22581.66 | Date_Raw:2026-04-21 00:00:00 | Parsed_Date:2026-04-21 00:00:00
2026-05-19 18:23:43,487 - INFO - Invoice debug | Invoice:019 | Party:Sun Logistics Inc (S C) | Gross:10222.0 | CGST:786.33 | SGST:786.33 | IGST:0.0 | CESS:0 | TOTAL_TAX:1572.66 | Invoice_Value:10310.0 | Date_Raw:2026-04-21 00:00:00 | Parsed_Date:2026-04-21 00:00:00
2026-05-19 18:23:43,488 - INFO - Invoice debug | Invoice:020 | Party:Sun Logistics Inc (S C) | Gross:17142.0 | CGST:1318.68 | SGST:1318.68 | IGST:0.0 | CESS:0 | TOTAL_TAX:2637.36 | Invoice_Value:17289.0 | Date_Raw:2026-04-21 00:00:00 | Parsed_Date:2026-04-21 00:00:00
2026-05-19 18:23:43,490 - INFO - Invoice debug | Invoice:021 | Party:Sun Logistics Inc (S C) | Gross:51998.0 | CGST:3999.78 | SGST:3999.78 | IGST:0.0 | CESS:0 | TOTAL_TAX:7999.56 | Invoice_Value:52442.0 | Date_Raw:2026-04-21 00:00:00 | Parsed_Date:2026-04-21 00:00:00
2026-05-19 18:23:43,491 - INFO - Invoice debug | Invoice:028 | Party:Sun Logistics Inc (S C) | Gross:14550.0 | CGST:1119.24 | SGST:1119.24 | IGST:0.0 | CESS:0 | TOTAL_TAX:2238.48 | Invoice_Value:14674.0 | Date_Raw:2026-04-21 00:00:00 | Parsed_Date:2026-04-21 00:00:00
2026-05-19 18:23:43,492 - INFO - Invoice debug | Invoice:030 | Party:Sun Logistics Inc (S C) | Gross:36548.0 | CGST:2811.33 | SGST:2811.33 | IGST:0.0 | CESS:0 | TOTAL_TAX:5622.66 | Invoice_Value:36860.0 | Date_Raw:2026-04-21 00:00:00 | Parsed_Date:2026-04-21 00:00:00
2026-05-19 18:23:43,494 - INFO - Invoice debug | Invoice:01 | Party:Sun Logistics Inc (S C) | Gross:29694.0 | CGST:2284.2 | SGST:2284.2 | IGST:0.0 | CESS:0 | TOTAL_TAX:4568.4 | Invoice_Value:29948.0 | Date_Raw:2026-04-22 00:00:00 | Parsed_Date:2026-04-22 00:00:00
2026-05-19 18:23:43,496 - INFO - Invoice debug | Invoice:002 | Party:Sun Logistics Inc (S C) | Gross:22606.0 | CGST:1738.89 | SGST:1738.89 | IGST:0.0 | CESS:0 | TOTAL_TAX:3477.78 | Invoice_Value:22799.0 | Date_Raw:2026-04-22 00:00:00 | Parsed_Date:2026-04-22 00:00:00
2026-05-19 18:23:43,497 - INFO - Invoice debug | Invoice:03 | Party:Sun Logistics Inc (S C) | Gross:32514.0 | CGST:2501.1 | SGST:2501.1 | IGST:0.0 | CESS:0 | TOTAL_TAX:5002.2 | Invoice_Value:32792.0 | Date_Raw:2026-04-22 00:00:00 | Parsed_Date:2026-04-22 00:00:00
2026-05-19 18:23:43,499 - INFO - Invoice debug | Invoice:04 | Party:Sun Logistics Inc (S C) | Gross:29658.0 | CGST:2281.32 | SGST:2281.32 | IGST:0.0 | CESS:0 | TOTAL_TAX:4562.64 | Invoice_Value:29911.0 | Date_Raw:2026-04-22 00:00:00 | Parsed_Date:2026-04-22 00:00:00
2026-05-19 18:23:43,500 - INFO - Invoice debug | Invoice:BANDN04260000156 | Party:CTL LOGISTICS (INDIA) PRIVATE LIMITED(BLR) | Gross:94336.0 | CGST:6442.64 | SGST:6442.64 | IGST:0.0 | CESS:0 | TOTAL_TAX:12885.28 | Invoice_Value:95998.0 | Date_Raw:2026-04-23 00:00:00 | Parsed_Date:2026-04-23 00:00:00
2026-05-19 18:23:43,502 - INFO - Invoice debug | Invoice:EGT032/26-27 | Party:Eagle Way Transport | Gross:22770.0 | CGST:0.0 | SGST:0.0 | IGST:0.0 | CESS:0 | TOTAL_TAX:0.0 | Invoice_Value:23000.0 | Date_Raw:2026-04-24 00:00:00 | Parsed_Date:2026-04-24 00:00:00
2026-05-19 18:23:43,504 - INFO - Invoice debug | Invoice:6086 | Party:Sri Eshwara Logistics | Gross:84249.0 | CGST:0.0 | SGST:0.0 | IGST:0.0 | CESS:0 | TOTAL_TAX:0.0 | Invoice_Value:85100.0 | Date_Raw:2026-04-27 00:00:00 | Parsed_Date:2026-04-27 00:00:00
2026-05-19 18:23:43,506 - INFO - Invoice debug | Invoice:6085 | Party:Sri Eshwara Logistics | Gross:84249.0 | CGST:0.0 | SGST:0.0 | IGST:0.0 | CESS:0 | TOTAL_TAX:0.0 | Invoice_Value:85100.0 | Date_Raw:2026-04-27 00:00:00 | Parsed_Date:2026-04-27 00:00:00
2026-05-19 18:23:43,507 - INFO - Invoice debug | Invoice:052 | Party:Sun Logistics Inc (S C) | Gross:552498.0 | CGST:42499.8 | SGST:42499.8 | IGST:0.0 | CESS:0 | TOTAL_TAX:84999.6 | Invoice_Value:557220.0 | Date_Raw:2026-04-28 00:00:00 | Parsed_Date:2026-04-28 00:00:00
2026-05-19 18:23:43,550 - INFO - Valid:27 NoITC:9 Issues:1
2026-05-19 18:23:43,604 - INFO - GSTR-2B format detected: gstr2b_excel for B2B_042026_29AALCD6246M1ZZ_GSTR2B_18052026 (1).xlsx
2026-05-19 18:23:43,605 - INFO - Parsing GSTR-2B Excel...
2026-05-19 18:23:43,690 - INFO - Parsed B2B_042026_29AALCD6246M1ZZ_GSTR2B_18052026 (1).xlsx: 43 rows
2026-05-19 18:23:43,752 - INFO - Starting reconciliation...
2026-05-19 18:23:43,929 - INFO - L1: 1 matched
2026-05-19 18:23:44,013 - INFO - L3: 2 matched
2026-05-19 18:23:44,263 - INFO - L4 date mismatch: 24 matched
2026-05-19 18:23:44,288 - INFO - Match 62.79%, Risk 0.00
